<?xml version="1.0" encoding="UTF-8"?>
<testsuite name="uk.ac.nottingham.cryptography.EncryptTests" tests="4" skipped="0" failures="0" errors="0" timestamp="2024-04-23T10:08:34" hostname="DESKTOP-6BBGOFO" time="0.003">
  <properties/>
  <testcase name="EncryptMultiThenPartialBlockTest()" classname="uk.ac.nottingham.cryptography.EncryptTests" time="0.001"/>
  <testcase name="EncryptMultiPTPartialAADBlockTest()" classname="uk.ac.nottingham.cryptography.EncryptTests" time="0.001"/>
  <testcase name="EncryptMultiBlockTest()" classname="uk.ac.nottingham.cryptography.EncryptTests" time="0.001"/>
  <testcase name="EncryptSingleBlocksTest()" classname="uk.ac.nottingham.cryptography.EncryptTests" time="0.0"/>
  <system-out><![CDATA[]]></system-out>
  <system-err><![CDATA[]]></system-err>
</testsuite>
