<?xml version="1.0" encoding="UTF-8"?>
<testsuite name="uk.ac.nottingham.cryptography.FastGFTests" tests="4" skipped="4" failures="0" errors="0" timestamp="2024-04-23T10:08:34" hostname="DESKTOP-6BBGOFO" time="0.0">
  <properties/>
  <testcase name="gfMultiplyByHTest()" classname="uk.ac.nottingham.cryptography.FastGFTests" time="0.0">
    <skipped/>
  </testcase>
  <testcase name="gfGetHTest()" classname="uk.ac.nottingham.cryptography.FastGFTests" time="0.0">
    <skipped/>
  </testcase>
  <testcase name="gfLongTest()" classname="uk.ac.nottingham.cryptography.FastGFTests" time="0.0">
    <skipped/>
  </testcase>
  <testcase name="gfMultiplyTest()" classname="uk.ac.nottingham.cryptography.FastGFTests" time="0.0">
    <skipped/>
  </testcase>
  <system-out><![CDATA[]]></system-out>
  <system-err><![CDATA[]]></system-err>
</testsuite>
