<?xml version="1.0" encoding="UTF-8"?>
<testsuite name="uk.ac.nottingham.cryptography.PlaintextTests" tests="4" skipped="0" failures="0" errors="0" timestamp="2024-04-23T10:08:35" hostname="DESKTOP-6BBGOFO" time="0.003">
  <properties/>
  <testcase name="PartialBlockPTTest()" classname="uk.ac.nottingham.cryptography.PlaintextTests" time="0.001"/>
  <testcase name="MultiBlockPTTest()" classname="uk.ac.nottingham.cryptography.PlaintextTests" time="0.0"/>
  <testcase name="SingleBlockPTTest()" classname="uk.ac.nottingham.cryptography.PlaintextTests" time="0.0"/>
  <testcase name="MultiThenPartialBlockPTTest()" classname="uk.ac.nottingham.cryptography.PlaintextTests" time="0.001"/>
  <system-out><![CDATA[]]></system-out>
  <system-err><![CDATA[]]></system-err>
</testsuite>
