<?xml version="1.0" encoding="UTF-8"?>
<testsuite name="uk.ac.nottingham.cryptography.VerificationTests" tests="2" skipped="0" failures="0" errors="0" timestamp="2024-04-23T10:08:35" hostname="DESKTOP-6BBGOFO" time="0.005">
  <properties/>
  <testcase name="InvalidTests()" classname="uk.ac.nottingham.cryptography.VerificationTests" time="0.003"/>
  <testcase name="ValidTests()" classname="uk.ac.nottingham.cryptography.VerificationTests" time="0.002"/>
  <system-out><![CDATA[]]></system-out>
  <system-err><![CDATA[]]></system-err>
</testsuite>
