<?xml version="1.0" encoding="UTF-8"?>
<testsuite name="uk.ac.nottingham.cryptography.ArbitraryIVTests" tests="7" skipped="7" failures="0" errors="0" timestamp="2024-04-23T10:08:34" hostname="DESKTOP-6BBGOFO" time="0.002">
  <properties/>
  <testcase name="LongIVTestOne()" classname="uk.ac.nottingham.cryptography.ArbitraryIVTests" time="0.0">
    <skipped/>
  </testcase>
  <testcase name="LongIVTestTwo()" classname="uk.ac.nottingham.cryptography.ArbitraryIVTests" time="0.0">
    <skipped/>
  </testcase>
  <testcase name="ShortIVTestOne()" classname="uk.ac.nottingham.cryptography.ArbitraryIVTests" time="0.0">
    <skipped/>
  </testcase>
  <testcase name="ShortIVTestTwo()" classname="uk.ac.nottingham.cryptography.ArbitraryIVTests" time="0.0">
    <skipped/>
  </testcase>
  <testcase name="LongIVTestThree()" classname="uk.ac.nottingham.cryptography.ArbitraryIVTests" time="0.0">
    <skipped/>
  </testcase>
  <testcase name="LongPartialIVTestOne()" classname="uk.ac.nottingham.cryptography.ArbitraryIVTests" time="0.0">
    <skipped/>
  </testcase>
  <testcase name="LongPartialIVTestTwo()" classname="uk.ac.nottingham.cryptography.ArbitraryIVTests" time="0.0">
    <skipped/>
  </testcase>
  <system-out><![CDATA[]]></system-out>
  <system-err><![CDATA[]]></system-err>
</testsuite>
