<?xml version="1.0" encoding="UTF-8"?>
<testsuite name="uk.ac.nottingham.cryptography.AADTests" tests="7" skipped="0" failures="0" errors="0" timestamp="2024-04-23T10:08:34" hostname="DESKTOP-6BBGOFO" time="0.023">
  <properties/>
  <testcase name="PartialBlockAADTestOne()" classname="uk.ac.nottingham.cryptography.AADTests" time="0.016"/>
  <testcase name="PartialBlockAADTestTwo()" classname="uk.ac.nottingham.cryptography.AADTests" time="0.001"/>
  <testcase name="SingleBlockAADTestOne()" classname="uk.ac.nottingham.cryptography.AADTests" time="0.001"/>
  <testcase name="SingleBlockAADTestTwo()" classname="uk.ac.nottingham.cryptography.AADTests" time="0.001"/>
  <testcase name="MultiBlockAADTestOne()" classname="uk.ac.nottingham.cryptography.AADTests" time="0.001"/>
  <testcase name="MultiBlockAADTestTwo()" classname="uk.ac.nottingham.cryptography.AADTests" time="0.001"/>
  <testcase name="MultiThenPartialBlockAADTest()" classname="uk.ac.nottingham.cryptography.AADTests" time="0.001"/>
  <system-out><![CDATA[]]></system-out>
  <system-err><![CDATA[]]></system-err>
</testsuite>
