<?xml version="1.0" encoding="UTF-8"?>
<testsuite name="uk.ac.nottingham.cryptography.LongTests" tests="3" skipped="0" failures="0" errors="0" timestamp="2024-04-23T10:08:34" hostname="DESKTOP-6BBGOFO" time="0.227">
  <properties/>
  <testcase name="Encrypt10KBTest()" classname="uk.ac.nottingham.cryptography.LongTests" time="0.006"/>
  <testcase name="Encrypt100KBTest()" classname="uk.ac.nottingham.cryptography.LongTests" time="0.03"/>
  <testcase name="Encrypt1MBTest()" classname="uk.ac.nottingham.cryptography.LongTests" time="0.19"/>
  <system-out><![CDATA[]]></system-out>
  <system-err><![CDATA[]]></system-err>
</testsuite>
