<?xml version="1.0" encoding="UTF-8"?>
<testsuite name="uk.ac.nottingham.cryptography.NoTagTests" tests="3" skipped="0" failures="0" errors="0" timestamp="2024-04-23T10:08:35" hostname="DESKTOP-6BBGOFO" time="0.002">
  <properties/>
  <testcase name="EncryptMultiThenPartialBlockTest()" classname="uk.ac.nottingham.cryptography.NoTagTests" time="0.0"/>
  <testcase name="EncryptMultiBlockTest()" classname="uk.ac.nottingham.cryptography.NoTagTests" time="0.0"/>
  <testcase name="EncryptSingleBlockTest()" classname="uk.ac.nottingham.cryptography.NoTagTests" time="0.001"/>
  <system-out><![CDATA[]]></system-out>
  <system-err><![CDATA[]]></system-err>
</testsuite>
